<?xml version="1.0" encoding="UTF-8"?>
<coverage generated="1520331148618" clover="3.2.0">
  <project timestamp="1520331148618" name="All files">
    <metrics statements="13" coveredstatements="9" conditionals="7" coveredconditionals="2" methods="6" coveredmethods="6" elements="26" coveredelements="17" complexity="0" loc="13" ncloc="13" packages="3" files="4" classes="4">
      <package name="components">
        <metrics statements="2" coveredstatements="2" conditionals="0" coveredconditionals="0" methods="1" coveredmethods="1"/>
        <file name="Loader.jsx" path="E:\FrontCamp\frontcamp\react-part1\src\client\components\Loader.jsx">
          <metrics statements="2" coveredstatements="2" conditionals="0" coveredconditionals="0" methods="1" coveredmethods="1"/>
          <line num="3" count="1" type="stmt"/>
          <line num="4" count="1" type="stmt"/>
        </file>
      </package>
      <package name="reducers">
        <metrics statements="7" coveredstatements="3" conditionals="7" coveredconditionals="2" methods="1" coveredmethods="1"/>
        <file name="posts.js" path="E:\FrontCamp\frontcamp\react-part1\src\client\reducers\posts.js">
          <metrics statements="7" coveredstatements="3" conditionals="7" coveredconditionals="2" methods="1" coveredmethods="1"/>
          <line num="1" count="1" type="stmt"/>
          <line num="9" count="1" type="cond" truecount="1" falsecount="4"/>
          <line num="11" count="0" type="stmt"/>
          <line num="16" count="0" type="stmt"/>
          <line num="22" count="0" type="stmt"/>
          <line num="28" count="0" type="stmt"/>
          <line num="34" count="1" type="stmt"/>
        </file>
      </package>
      <package name="utilities.validation">
        <metrics statements="4" coveredstatements="4" conditionals="0" coveredconditionals="0" methods="4" coveredmethods="4"/>
        <file name="emptyFieldsValidation.js" path="E:\FrontCamp\frontcamp\react-part1\src\client\utilities\validation\emptyFieldsValidation.js">
          <metrics statements="2" coveredstatements="2" conditionals="0" coveredconditionals="0" methods="2" coveredmethods="2"/>
          <line num="1" count="1" type="stmt"/>
          <line num="2" count="6" type="stmt"/>
        </file>
        <file name="loginValidation.js" path="E:\FrontCamp\frontcamp\react-part1\src\client\utilities\validation\loginValidation.js">
          <metrics statements="2" coveredstatements="2" conditionals="0" coveredconditionals="0" methods="2" coveredmethods="2"/>
          <line num="1" count="1" type="stmt"/>
          <line num="2" count="9" type="stmt"/>
        </file>
      </package>
    </metrics>
  </project>
</coverage>
