<?xml version="1.0" encoding="UTF-8"?>
<coverage generated="1519832696706" clover="3.2.0">
  <project timestamp="1519832696706" name="All files">
    <metrics statements="5" coveredstatements="3" conditionals="5" coveredconditionals="2" methods="1" coveredmethods="1" elements="11" coveredelements="6" complexity="0" loc="5" ncloc="5" packages="1" files="1" classes="1">
      <file name="posts.js" path="E:\FrontCamp\frontcamp\react-part1\src\client\reducers\posts.js">
        <metrics statements="5" coveredstatements="3" conditionals="5" coveredconditionals="2" methods="1" coveredmethods="1"/>
        <line num="1" count="1" type="stmt"/>
        <line num="7" count="1" type="cond" truecount="1" falsecount="2"/>
        <line num="9" count="0" type="stmt"/>
        <line num="14" count="0" type="stmt"/>
        <line num="20" count="1" type="stmt"/>
      </file>
    </metrics>
  </project>
</coverage>
