{"E:\\FrontCamp\\frontcamp\\react-part1\\src\\client\\store.js": {"path":"E:\\FrontCamp\\frontcamp\\react-part1\\src\\client\\store.js","statementMap":{"0":{"start":{"line":7,"column":25},"end":{"line":7,"column":79}},"1":{"start":{"line":10,"column":24},"end":{"line":10,"column":66}},"2":{"start":{"line":11,"column":18},"end":{"line":15,"column":5}},"3":{"start":{"line":17,"column":4},"end":{"line":17,"column":17}}},"fnMap":{"0":{"name":"(anonymous_0)","decl":{"start":{"line":9,"column":15},"end":{"line":9,"column":16}},"loc":{"start":{"line":9,"column":33},"end":{"line":18,"column":1}},"line":9}},"branchMap":{"0":{"loc":{"start":{"line":7,"column":25},"end":{"line":7,"column":79}},"type":"binary-expr","locations":[{"start":{"line":7,"column":25},"end":{"line":7,"column":68}},{"start":{"line":7,"column":72},"end":{"line":7,"column":79}}],"line":7}},"s":{"0":1,"1":1,"2":1,"3":1},"f":{"0":1},"b":{"0":[1,1]},"_coverageSchema":"332fd63041d2c1bcb487cc26dd0d5f7d97098a6c","hash":"73a17acac8c39c425471dcecb8ae0e69581b184a"}
,"E:\\FrontCamp\\frontcamp\\react-part1\\src\\client\\actions\\posts.js": {"path":"E:\\FrontCamp\\frontcamp\\react-part1\\src\\client\\actions\\posts.js","statementMap":{"0":{"start":{"line":3,"column":25},"end":{"line":5,"column":2}},"1":{"start":{"line":3,"column":32},"end":{"line":5,"column":1}},"2":{"start":{"line":7,"column":27},"end":{"line":10,"column":2}},"3":{"start":{"line":7,"column":37},"end":{"line":10,"column":1}},"4":{"start":{"line":12,"column":33},"end":{"line":15,"column":2}},"5":{"start":{"line":12,"column":42},"end":{"line":15,"column":1}},"6":{"start":{"line":17,"column":35},"end":{"line":20,"column":2}},"7":{"start":{"line":17,"column":46},"end":{"line":20,"column":1}},"8":{"start":{"line":22,"column":24},"end":{"line":28,"column":1}},"9":{"start":{"line":22,"column":30},"end":{"line":28,"column":1}},"10":{"start":{"line":23,"column":4},"end":{"line":23,"column":26}},"11":{"start":{"line":25,"column":4},"end":{"line":27,"column":63}},"12":{"start":{"line":26,"column":21},"end":{"line":26,"column":31}},"13":{"start":{"line":27,"column":23},"end":{"line":27,"column":61}},"14":{"start":{"line":30,"column":27},"end":{"line":36,"column":1}},"15":{"start":{"line":30,"column":37},"end":{"line":36,"column":1}},"16":{"start":{"line":31,"column":4},"end":{"line":31,"column":26}},"17":{"start":{"line":33,"column":4},"end":{"line":35,"column":57}},"18":{"start":{"line":34,"column":21},"end":{"line":34,"column":31}},"19":{"start":{"line":35,"column":22},"end":{"line":35,"column":55}},"20":{"start":{"line":38,"column":30},"end":{"line":44,"column":1}},"21":{"start":{"line":38,"column":42},"end":{"line":44,"column":1}},"22":{"start":{"line":39,"column":4},"end":{"line":39,"column":26}},"23":{"start":{"line":41,"column":4},"end":{"line":43,"column":77}},"24":{"start":{"line":42,"column":21},"end":{"line":42,"column":31}},"25":{"start":{"line":43,"column":31},"end":{"line":43,"column":75}}},"fnMap":{"0":{"name":"(anonymous_0)","decl":{"start":{"line":3,"column":25},"end":{"line":3,"column":26}},"loc":{"start":{"line":3,"column":32},"end":{"line":5,"column":1}},"line":3},"1":{"name":"(anonymous_1)","decl":{"start":{"line":7,"column":27},"end":{"line":7,"column":28}},"loc":{"start":{"line":7,"column":37},"end":{"line":10,"column":1}},"line":7},"2":{"name":"(anonymous_2)","decl":{"start":{"line":12,"column":33},"end":{"line":12,"column":34}},"loc":{"start":{"line":12,"column":42},"end":{"line":15,"column":1}},"line":12},"3":{"name":"(anonymous_3)","decl":{"start":{"line":17,"column":35},"end":{"line":17,"column":36}},"loc":{"start":{"line":17,"column":46},"end":{"line":20,"column":1}},"line":17},"4":{"name":"(anonymous_4)","decl":{"start":{"line":22,"column":24},"end":{"line":22,"column":25}},"loc":{"start":{"line":22,"column":30},"end":{"line":28,"column":1}},"line":22},"5":{"name":"(anonymous_5)","decl":{"start":{"line":22,"column":30},"end":{"line":22,"column":31}},"loc":{"start":{"line":22,"column":44},"end":{"line":28,"column":1}},"line":22},"6":{"name":"(anonymous_6)","decl":{"start":{"line":26,"column":14},"end":{"line":26,"column":15}},"loc":{"start":{"line":26,"column":21},"end":{"line":26,"column":31}},"line":26},"7":{"name":"(anonymous_7)","decl":{"start":{"line":27,"column":14},"end":{"line":27,"column":15}},"loc":{"start":{"line":27,"column":23},"end":{"line":27,"column":61}},"line":27},"8":{"name":"(anonymous_8)","decl":{"start":{"line":30,"column":27},"end":{"line":30,"column":28}},"loc":{"start":{"line":30,"column":37},"end":{"line":36,"column":1}},"line":30},"9":{"name":"(anonymous_9)","decl":{"start":{"line":30,"column":37},"end":{"line":30,"column":38}},"loc":{"start":{"line":30,"column":51},"end":{"line":36,"column":1}},"line":30},"10":{"name":"(anonymous_10)","decl":{"start":{"line":34,"column":14},"end":{"line":34,"column":15}},"loc":{"start":{"line":34,"column":21},"end":{"line":34,"column":31}},"line":34},"11":{"name":"(anonymous_11)","decl":{"start":{"line":35,"column":14},"end":{"line":35,"column":15}},"loc":{"start":{"line":35,"column":22},"end":{"line":35,"column":55}},"line":35},"12":{"name":"(anonymous_12)","decl":{"start":{"line":38,"column":30},"end":{"line":38,"column":31}},"loc":{"start":{"line":38,"column":42},"end":{"line":44,"column":1}},"line":38},"13":{"name":"(anonymous_13)","decl":{"start":{"line":38,"column":42},"end":{"line":38,"column":43}},"loc":{"start":{"line":38,"column":56},"end":{"line":44,"column":1}},"line":38},"14":{"name":"(anonymous_14)","decl":{"start":{"line":42,"column":14},"end":{"line":42,"column":15}},"loc":{"start":{"line":42,"column":21},"end":{"line":42,"column":31}},"line":42},"15":{"name":"(anonymous_15)","decl":{"start":{"line":43,"column":14},"end":{"line":43,"column":15}},"loc":{"start":{"line":43,"column":31},"end":{"line":43,"column":75}},"line":43}},"branchMap":{},"s":{"0":2,"1":4,"2":2,"3":3,"4":2,"5":0,"6":2,"7":0,"8":2,"9":1,"10":1,"11":1,"12":1,"13":1,"14":2,"15":0,"16":0,"17":0,"18":0,"19":0,"20":2,"21":0,"22":0,"23":0,"24":0,"25":0},"f":{"0":4,"1":3,"2":0,"3":0,"4":1,"5":1,"6":1,"7":1,"8":0,"9":0,"10":0,"11":0,"12":0,"13":0,"14":0,"15":0},"b":{},"_coverageSchema":"332fd63041d2c1bcb487cc26dd0d5f7d97098a6c","hash":"ae147f1ed467ec5ad41d5b0631248d1717997efa"}
,"E:\\FrontCamp\\frontcamp\\react-part1\\src\\client\\actions\\user.js": {"path":"E:\\FrontCamp\\frontcamp\\react-part1\\src\\client\\actions\\user.js","statementMap":{"0":{"start":{"line":3,"column":26},"end":{"line":6,"column":2}},"1":{"start":{"line":3,"column":35},"end":{"line":6,"column":1}},"2":{"start":{"line":8,"column":28},"end":{"line":10,"column":1}},"3":{"start":{"line":8,"column":36},"end":{"line":10,"column":1}},"4":{"start":{"line":9,"column":4},"end":{"line":9,"column":30}},"5":{"start":{"line":12,"column":22},"end":{"line":25,"column":1}},"6":{"start":{"line":12,"column":35},"end":{"line":25,"column":1}},"7":{"start":{"line":13,"column":4},"end":{"line":13,"column":44}},"8":{"start":{"line":15,"column":4},"end":{"line":19,"column":8}},"9":{"start":{"line":21,"column":4},"end":{"line":24,"column":10}},"10":{"start":{"line":23,"column":12},"end":{"line":23,"column":26}}},"fnMap":{"0":{"name":"(anonymous_0)","decl":{"start":{"line":3,"column":26},"end":{"line":3,"column":27}},"loc":{"start":{"line":3,"column":35},"end":{"line":6,"column":1}},"line":3},"1":{"name":"(anonymous_1)","decl":{"start":{"line":8,"column":28},"end":{"line":8,"column":29}},"loc":{"start":{"line":8,"column":36},"end":{"line":10,"column":1}},"line":8},"2":{"name":"(anonymous_2)","decl":{"start":{"line":8,"column":36},"end":{"line":8,"column":37}},"loc":{"start":{"line":8,"column":50},"end":{"line":10,"column":1}},"line":8},"3":{"name":"(anonymous_3)","decl":{"start":{"line":12,"column":22},"end":{"line":12,"column":23}},"loc":{"start":{"line":12,"column":35},"end":{"line":25,"column":1}},"line":12},"4":{"name":"(anonymous_4)","decl":{"start":{"line":12,"column":35},"end":{"line":12,"column":36}},"loc":{"start":{"line":12,"column":49},"end":{"line":25,"column":1}},"line":12},"5":{"name":"(anonymous_5)","decl":{"start":{"line":22,"column":14},"end":{"line":22,"column":15}},"loc":{"start":{"line":22,"column":20},"end":{"line":24,"column":9}},"line":22}},"branchMap":{},"s":{"0":1,"1":0,"2":1,"3":0,"4":0,"5":1,"6":0,"7":0,"8":0,"9":0,"10":0},"f":{"0":0,"1":0,"2":0,"3":0,"4":0,"5":0},"b":{},"_coverageSchema":"332fd63041d2c1bcb487cc26dd0d5f7d97098a6c","hash":"0b2c100bc4346c41fc9947c418b92b4753a9d9b5"}
,"E:\\FrontCamp\\frontcamp\\react-part1\\src\\client\\api\\postApi.js": {"path":"E:\\FrontCamp\\frontcamp\\react-part1\\src\\client\\api\\postApi.js","statementMap":{"0":{"start":{"line":3,"column":24},"end":{"line":5,"column":1}},"1":{"start":{"line":4,"column":4},"end":{"line":4,"column":47}},"2":{"start":{"line":7,"column":23},"end":{"line":7,"column":83}},"3":{"start":{"line":7,"column":35},"end":{"line":7,"column":83}},"4":{"start":{"line":9,"column":25},"end":{"line":9,"column":88}},"5":{"start":{"line":9,"column":39},"end":{"line":9,"column":88}},"6":{"start":{"line":11,"column":26},"end":{"line":18,"column":2}},"7":{"start":{"line":11,"column":36},"end":{"line":18,"column":2}},"8":{"start":{"line":20,"column":26},"end":{"line":27,"column":2}},"9":{"start":{"line":20,"column":36},"end":{"line":27,"column":2}},"10":{"start":{"line":29,"column":26},"end":{"line":29,"column":107}},"11":{"start":{"line":29,"column":38},"end":{"line":29,"column":107}}},"fnMap":{"0":{"name":"(anonymous_0)","decl":{"start":{"line":3,"column":24},"end":{"line":3,"column":25}},"loc":{"start":{"line":3,"column":30},"end":{"line":5,"column":1}},"line":3},"1":{"name":"(anonymous_1)","decl":{"start":{"line":7,"column":23},"end":{"line":7,"column":24}},"loc":{"start":{"line":7,"column":35},"end":{"line":7,"column":83}},"line":7},"2":{"name":"(anonymous_2)","decl":{"start":{"line":9,"column":25},"end":{"line":9,"column":26}},"loc":{"start":{"line":9,"column":39},"end":{"line":9,"column":88}},"line":9},"3":{"name":"(anonymous_3)","decl":{"start":{"line":11,"column":26},"end":{"line":11,"column":27}},"loc":{"start":{"line":11,"column":36},"end":{"line":18,"column":2}},"line":11},"4":{"name":"(anonymous_4)","decl":{"start":{"line":20,"column":26},"end":{"line":20,"column":27}},"loc":{"start":{"line":20,"column":36},"end":{"line":27,"column":2}},"line":20},"5":{"name":"(anonymous_5)","decl":{"start":{"line":29,"column":26},"end":{"line":29,"column":27}},"loc":{"start":{"line":29,"column":38},"end":{"line":29,"column":107}},"line":29}},"branchMap":{},"s":{"0":2,"1":1,"2":2,"3":0,"4":2,"5":0,"6":2,"7":0,"8":2,"9":0,"10":2,"11":0},"f":{"0":1,"1":0,"2":0,"3":0,"4":0,"5":0},"b":{},"_coverageSchema":"332fd63041d2c1bcb487cc26dd0d5f7d97098a6c","hash":"4c65cf4478d362654273a9d0133cfc9a89d29c49"}
,"E:\\FrontCamp\\frontcamp\\react-part1\\src\\client\\api\\userApi.js": {"path":"E:\\FrontCamp\\frontcamp\\react-part1\\src\\client\\api\\userApi.js","statementMap":{"0":{"start":{"line":3,"column":28},"end":{"line":12,"column":6}},"1":{"start":{"line":3,"column":42},"end":{"line":12,"column":6}},"2":{"start":{"line":14,"column":28},"end":{"line":14,"column":98}},"3":{"start":{"line":14,"column":34},"end":{"line":14,"column":98}}},"fnMap":{"0":{"name":"(anonymous_0)","decl":{"start":{"line":3,"column":28},"end":{"line":3,"column":29}},"loc":{"start":{"line":3,"column":42},"end":{"line":12,"column":6}},"line":3},"1":{"name":"(anonymous_1)","decl":{"start":{"line":14,"column":28},"end":{"line":14,"column":29}},"loc":{"start":{"line":14,"column":34},"end":{"line":14,"column":98}},"line":14}},"branchMap":{},"s":{"0":1,"1":0,"2":1,"3":0},"f":{"0":0,"1":0},"b":{},"_coverageSchema":"332fd63041d2c1bcb487cc26dd0d5f7d97098a6c","hash":"b151af09a12d1c2be562adb4305469f484a74c90"}
,"E:\\FrontCamp\\frontcamp\\react-part1\\src\\client\\components\\Loader.jsx": {"path":"E:\\FrontCamp\\frontcamp\\react-part1\\src\\client\\components\\Loader.jsx","statementMap":{"0":{"start":{"line":3,"column":15},"end":{"line":9,"column":1}},"1":{"start":{"line":4,"column":4},"end":{"line":8,"column":10}}},"fnMap":{"0":{"name":"(anonymous_0)","decl":{"start":{"line":3,"column":15},"end":{"line":3,"column":16}},"loc":{"start":{"line":4,"column":4},"end":{"line":8,"column":10}},"line":4}},"branchMap":{},"s":{"0":1,"1":1},"f":{"0":1},"b":{},"_coverageSchema":"332fd63041d2c1bcb487cc26dd0d5f7d97098a6c","hash":"2bef598d356cd30e2d196a750832fe5ffff071f0"}
,"E:\\FrontCamp\\frontcamp\\react-part1\\src\\client\\components\\LoginForm.jsx": {"path":"E:\\FrontCamp\\frontcamp\\react-part1\\src\\client\\components\\LoginForm.jsx","statementMap":{"0":{"start":{"line":16,"column":0},"end":{"line":16,"column":38}},"1":{"start":{"line":20,"column":8},"end":{"line":20,"column":21}},"2":{"start":{"line":21,"column":8},"end":{"line":30,"column":10}},"3":{"start":{"line":32,"column":8},"end":{"line":32,"column":57}},"4":{"start":{"line":33,"column":8},"end":{"line":33,"column":57}},"5":{"start":{"line":37,"column":23},"end":{"line":37,"column":35}},"6":{"start":{"line":38,"column":22},"end":{"line":38,"column":34}},"7":{"start":{"line":39,"column":21},"end":{"line":39,"column":32}},"8":{"start":{"line":41,"column":8},"end":{"line":43,"column":11}},"9":{"start":{"line":47,"column":36},"end":{"line":47,"column":46}},"10":{"start":{"line":48,"column":8},"end":{"line":48,"column":31}},"11":{"start":{"line":49,"column":8},"end":{"line":63,"column":9}},"12":{"start":{"line":50,"column":12},"end":{"line":60,"column":18}},"13":{"start":{"line":52,"column":20},"end":{"line":52,"column":42}},"14":{"start":{"line":55,"column":20},"end":{"line":58,"column":21}},"15":{"start":{"line":56,"column":49},"end":{"line":56,"column":61}},"16":{"start":{"line":57,"column":24},"end":{"line":57,"column":76}},"17":{"start":{"line":59,"column":20},"end":{"line":59,"column":57}},"18":{"start":{"line":62,"column":12},"end":{"line":62,"column":95}},"19":{"start":{"line":67,"column":42},"end":{"line":67,"column":52}},"20":{"start":{"line":68,"column":61},"end":{"line":68,"column":79}},"21":{"start":{"line":70,"column":8},"end":{"line":111,"column":9}},"22":{"start":{"line":115,"column":24},"end":{"line":120,"column":2}},"23":{"start":{"line":115,"column":34},"end":{"line":120,"column":1}},"24":{"start":{"line":122,"column":27},"end":{"line":124,"column":12}},"25":{"start":{"line":122,"column":39},"end":{"line":124,"column":12}}},"fnMap":{"0":{"name":"(anonymous_0)","decl":{"start":{"line":19,"column":4},"end":{"line":19,"column":5}},"loc":{"start":{"line":19,"column":23},"end":{"line":34,"column":5}},"line":19},"1":{"name":"(anonymous_1)","decl":{"start":{"line":36,"column":4},"end":{"line":36,"column":5}},"loc":{"start":{"line":36,"column":24},"end":{"line":44,"column":5}},"line":36},"2":{"name":"(anonymous_2)","decl":{"start":{"line":46,"column":4},"end":{"line":46,"column":5}},"loc":{"start":{"line":46,"column":24},"end":{"line":64,"column":5}},"line":46},"3":{"name":"(anonymous_3)","decl":{"start":{"line":51,"column":22},"end":{"line":51,"column":23}},"loc":{"start":{"line":51,"column":34},"end":{"line":53,"column":17}},"line":51},"4":{"name":"(anonymous_4)","decl":{"start":{"line":54,"column":22},"end":{"line":54,"column":23}},"loc":{"start":{"line":54,"column":32},"end":{"line":60,"column":17}},"line":54},"5":{"name":"(anonymous_5)","decl":{"start":{"line":66,"column":4},"end":{"line":66,"column":5}},"loc":{"start":{"line":66,"column":13},"end":{"line":112,"column":5}},"line":66},"6":{"name":"(anonymous_6)","decl":{"start":{"line":115,"column":24},"end":{"line":115,"column":25}},"loc":{"start":{"line":115,"column":34},"end":{"line":120,"column":1}},"line":115},"7":{"name":"(anonymous_7)","decl":{"start":{"line":122,"column":27},"end":{"line":122,"column":28}},"loc":{"start":{"line":122,"column":39},"end":{"line":124,"column":12}},"line":122}},"branchMap":{"0":{"loc":{"start":{"line":49,"column":8},"end":{"line":63,"column":9}},"type":"if","locations":[{"start":{"line":49,"column":8},"end":{"line":63,"column":9}},{"start":{"line":49,"column":8},"end":{"line":63,"column":9}}],"line":49},"1":{"loc":{"start":{"line":55,"column":20},"end":{"line":58,"column":21}},"type":"if","locations":[{"start":{"line":55,"column":20},"end":{"line":58,"column":21}},{"start":{"line":55,"column":20},"end":{"line":58,"column":21}}],"line":55},"2":{"loc":{"start":{"line":74,"column":24},"end":{"line":76,"column":32}},"type":"cond-expr","locations":[{"start":{"line":75,"column":30},"end":{"line":75,"column":87}},{"start":{"line":76,"column":30},"end":{"line":76,"column":32}}],"line":74},"3":{"loc":{"start":{"line":104,"column":17},"end":{"line":108,"column":24}},"type":"cond-expr","locations":[{"start":{"line":105,"column":20},"end":{"line":107,"column":25}},{"start":{"line":108,"column":22},"end":{"line":108,"column":24}}],"line":104}},"s":{"0":1,"1":1,"2":1,"3":1,"4":1,"5":0,"6":0,"7":0,"8":0,"9":0,"10":0,"11":0,"12":0,"13":0,"14":0,"15":0,"16":0,"17":0,"18":0,"19":1,"20":1,"21":1,"22":1,"23":1,"24":1,"25":1},"f":{"0":1,"1":0,"2":0,"3":0,"4":0,"5":1,"6":1,"7":1},"b":{"0":[0,0],"1":[0,0],"2":[0,1],"3":[0,1]},"_coverageSchema":"332fd63041d2c1bcb487cc26dd0d5f7d97098a6c","hash":"9fb2cc036851ad3c181523f88eeaa0c51f796826"}
,"E:\\FrontCamp\\frontcamp\\react-part1\\src\\client\\components\\formComponents\\Form.jsx": {"path":"E:\\FrontCamp\\frontcamp\\react-part1\\src\\client\\components\\formComponents\\Form.jsx","statementMap":{"0":{"start":{"line":3,"column":13},"end":{"line":7,"column":1}},"1":{"start":{"line":4,"column":4},"end":{"line":6,"column":11}}},"fnMap":{"0":{"name":"(anonymous_0)","decl":{"start":{"line":3,"column":13},"end":{"line":3,"column":14}},"loc":{"start":{"line":4,"column":4},"end":{"line":6,"column":11}},"line":4}},"branchMap":{},"s":{"0":1,"1":1},"f":{"0":1},"b":{},"_coverageSchema":"332fd63041d2c1bcb487cc26dd0d5f7d97098a6c","hash":"3c3de765b2baada85a73b965bf44025ef2e3d796"}
,"E:\\FrontCamp\\frontcamp\\react-part1\\src\\client\\components\\formComponents\\FormMessage.jsx": {"path":"E:\\FrontCamp\\frontcamp\\react-part1\\src\\client\\components\\formComponents\\FormMessage.jsx","statementMap":{"0":{"start":{"line":3,"column":20},"end":{"line":7,"column":1}},"1":{"start":{"line":4,"column":4},"end":{"line":6,"column":10}}},"fnMap":{"0":{"name":"(anonymous_0)","decl":{"start":{"line":3,"column":20},"end":{"line":3,"column":21}},"loc":{"start":{"line":4,"column":4},"end":{"line":6,"column":10}},"line":4}},"branchMap":{},"s":{"0":1,"1":0},"f":{"0":0},"b":{},"_coverageSchema":"332fd63041d2c1bcb487cc26dd0d5f7d97098a6c","hash":"5bbc244d16604d0dbbdee762ca9dde1fa6eecaf8"}
,"E:\\FrontCamp\\frontcamp\\react-part1\\src\\client\\components\\formComponents\\Input.jsx": {"path":"E:\\FrontCamp\\frontcamp\\react-part1\\src\\client\\components\\formComponents\\Input.jsx","statementMap":{"0":{"start":{"line":3,"column":14},"end":{"line":8,"column":1}},"1":{"start":{"line":4,"column":4},"end":{"line":7,"column":12}}},"fnMap":{"0":{"name":"(anonymous_0)","decl":{"start":{"line":3,"column":14},"end":{"line":3,"column":15}},"loc":{"start":{"line":4,"column":4},"end":{"line":7,"column":12}},"line":4}},"branchMap":{},"s":{"0":1,"1":2},"f":{"0":2},"b":{},"_coverageSchema":"332fd63041d2c1bcb487cc26dd0d5f7d97098a6c","hash":"2e3a821bb9a99dcdb892852604eb05df9f30e8ab"}
,"E:\\FrontCamp\\frontcamp\\react-part1\\src\\client\\reducers\\posts.js": {"path":"E:\\FrontCamp\\frontcamp\\react-part1\\src\\client\\reducers\\posts.js","statementMap":{"0":{"start":{"line":1,"column":22},"end":{"line":6,"column":1}},"1":{"start":{"line":9,"column":4},"end":{"line":35,"column":5}},"2":{"start":{"line":11,"column":12},"end":{"line":14,"column":14}},"3":{"start":{"line":16,"column":12},"end":{"line":20,"column":14}},"4":{"start":{"line":22,"column":12},"end":{"line":26,"column":14}},"5":{"start":{"line":28,"column":12},"end":{"line":32,"column":14}},"6":{"start":{"line":34,"column":12},"end":{"line":34,"column":25}}},"fnMap":{"0":{"name":"(anonymous_0)","decl":{"start":{"line":8,"column":15},"end":{"line":8,"column":16}},"loc":{"start":{"line":8,"column":55},"end":{"line":36,"column":1}},"line":8}},"branchMap":{"0":{"loc":{"start":{"line":8,"column":16},"end":{"line":8,"column":37}},"type":"default-arg","locations":[{"start":{"line":8,"column":24},"end":{"line":8,"column":37}}],"line":8},"1":{"loc":{"start":{"line":8,"column":39},"end":{"line":8,"column":50}},"type":"default-arg","locations":[{"start":{"line":8,"column":48},"end":{"line":8,"column":50}}],"line":8},"2":{"loc":{"start":{"line":9,"column":4},"end":{"line":35,"column":5}},"type":"switch","locations":[{"start":{"line":10,"column":8},"end":{"line":14,"column":14}},{"start":{"line":15,"column":8},"end":{"line":20,"column":14}},{"start":{"line":21,"column":8},"end":{"line":26,"column":14}},{"start":{"line":27,"column":8},"end":{"line":32,"column":14}},{"start":{"line":33,"column":8},"end":{"line":34,"column":25}}],"line":9}},"s":{"0":2,"1":6,"2":1,"3":1,"4":0,"5":0,"6":4},"f":{"0":6},"b":{"0":[4],"1":[0],"2":[1,1,0,0,4]},"_coverageSchema":"332fd63041d2c1bcb487cc26dd0d5f7d97098a6c","hash":"f6d7f8e8800041e8857e62a86a9efe8851ff918f"}
,"E:\\FrontCamp\\frontcamp\\react-part1\\src\\client\\reducers\\user.js": {"path":"E:\\FrontCamp\\frontcamp\\react-part1\\src\\client\\reducers\\user.js","statementMap":{"0":{"start":{"line":1,"column":22},"end":{"line":5,"column":1}},"1":{"start":{"line":8,"column":4},"end":{"line":23,"column":5}},"2":{"start":{"line":10,"column":12},"end":{"line":13,"column":14}},"3":{"start":{"line":15,"column":12},"end":{"line":20,"column":14}},"4":{"start":{"line":22,"column":12},"end":{"line":22,"column":25}}},"fnMap":{"0":{"name":"(anonymous_0)","decl":{"start":{"line":7,"column":15},"end":{"line":7,"column":16}},"loc":{"start":{"line":7,"column":55},"end":{"line":24,"column":1}},"line":7}},"branchMap":{"0":{"loc":{"start":{"line":7,"column":16},"end":{"line":7,"column":37}},"type":"default-arg","locations":[{"start":{"line":7,"column":24},"end":{"line":7,"column":37}}],"line":7},"1":{"loc":{"start":{"line":7,"column":39},"end":{"line":7,"column":50}},"type":"default-arg","locations":[{"start":{"line":7,"column":48},"end":{"line":7,"column":50}}],"line":7},"2":{"loc":{"start":{"line":8,"column":4},"end":{"line":23,"column":5}},"type":"switch","locations":[{"start":{"line":9,"column":8},"end":{"line":13,"column":14}},{"start":{"line":14,"column":8},"end":{"line":20,"column":14}},{"start":{"line":21,"column":8},"end":{"line":22,"column":25}}],"line":8}},"s":{"0":1,"1":3,"2":0,"3":0,"4":3},"f":{"0":3},"b":{"0":[3],"1":[0],"2":[0,0,3]},"_coverageSchema":"332fd63041d2c1bcb487cc26dd0d5f7d97098a6c","hash":"37795dd22fa4bbc853d2107296ae78f7be1f59b5"}
,"E:\\FrontCamp\\frontcamp\\react-part1\\src\\client\\utilities\\validation\\emptyFieldsValidation.js": {"path":"E:\\FrontCamp\\frontcamp\\react-part1\\src\\client\\utilities\\validation\\emptyFieldsValidation.js","statementMap":{"0":{"start":{"line":1,"column":36},"end":{"line":3,"column":1}},"1":{"start":{"line":2,"column":4},"end":{"line":2,"column":66}},"2":{"start":{"line":2,"column":45},"end":{"line":2,"column":65}}},"fnMap":{"0":{"name":"(anonymous_0)","decl":{"start":{"line":1,"column":36},"end":{"line":1,"column":37}},"loc":{"start":{"line":1,"column":48},"end":{"line":3,"column":1}},"line":1},"1":{"name":"(anonymous_1)","decl":{"start":{"line":2,"column":36},"end":{"line":2,"column":37}},"loc":{"start":{"line":2,"column":45},"end":{"line":2,"column":65}},"line":2}},"branchMap":{},"s":{"0":2,"1":4,"2":6},"f":{"0":4,"1":6},"b":{},"_coverageSchema":"332fd63041d2c1bcb487cc26dd0d5f7d97098a6c","hash":"40d3b00d252756f291db794f92858a8236802dc6"}
,"E:\\FrontCamp\\frontcamp\\react-part1\\src\\client\\utilities\\validation\\loginValidation.js": {"path":"E:\\FrontCamp\\frontcamp\\react-part1\\src\\client\\utilities\\validation\\loginValidation.js","statementMap":{"0":{"start":{"line":1,"column":34},"end":{"line":3,"column":1}},"1":{"start":{"line":2,"column":4},"end":{"line":2,"column":73}},"2":{"start":{"line":2,"column":40},"end":{"line":2,"column":72}}},"fnMap":{"0":{"name":"(anonymous_0)","decl":{"start":{"line":1,"column":34},"end":{"line":1,"column":35}},"loc":{"start":{"line":1,"column":64},"end":{"line":3,"column":1}},"line":1},"1":{"name":"(anonymous_1)","decl":{"start":{"line":2,"column":27},"end":{"line":2,"column":28}},"loc":{"start":{"line":2,"column":40},"end":{"line":2,"column":72}},"line":2}},"branchMap":{},"s":{"0":1,"1":4,"2":9},"f":{"0":4,"1":9},"b":{},"_coverageSchema":"332fd63041d2c1bcb487cc26dd0d5f7d97098a6c","hash":"64b496af2b2f45edc80c1cf6c64510ab69d4c883"}
,"E:\\FrontCamp\\frontcamp\\react-part1\\src\\config\\appConfig.js": {"path":"E:\\FrontCamp\\frontcamp\\react-part1\\src\\config\\appConfig.js","statementMap":{"0":{"start":{"line":1,"column":25},"end":{"line":4,"column":1}}},"fnMap":{},"branchMap":{},"s":{"0":3},"f":{},"b":{},"_coverageSchema":"332fd63041d2c1bcb487cc26dd0d5f7d97098a6c","hash":"a5e7b7d42edd6feb1e440edd65171f3d99aa3370"}
}
