{"E:\\FrontCamp\\frontcamp\\react-part1\\src\\client\\reducers\\posts.js": {"path":"E:\\FrontCamp\\frontcamp\\react-part1\\src\\client\\reducers\\posts.js","statementMap":{"0":{"start":{"line":1,"column":22},"end":{"line":5,"column":1}},"1":{"start":{"line":8,"column":4},"end":{"line":28,"column":5}},"2":{"start":{"line":10,"column":12},"end":{"line":13,"column":14}},"3":{"start":{"line":15,"column":12},"end":{"line":19,"column":14}},"4":{"start":{"line":21,"column":12},"end":{"line":25,"column":14}},"5":{"start":{"line":27,"column":12},"end":{"line":27,"column":25}}},"fnMap":{"0":{"name":"(anonymous_0)","decl":{"start":{"line":7,"column":15},"end":{"line":7,"column":16}},"loc":{"start":{"line":7,"column":55},"end":{"line":29,"column":1}},"line":7}},"branchMap":{"0":{"loc":{"start":{"line":7,"column":16},"end":{"line":7,"column":37}},"type":"default-arg","locations":[{"start":{"line":7,"column":24},"end":{"line":7,"column":37}}],"line":7},"1":{"loc":{"start":{"line":7,"column":39},"end":{"line":7,"column":50}},"type":"default-arg","locations":[{"start":{"line":7,"column":48},"end":{"line":7,"column":50}}],"line":7},"2":{"loc":{"start":{"line":8,"column":4},"end":{"line":28,"column":5}},"type":"switch","locations":[{"start":{"line":9,"column":8},"end":{"line":13,"column":14}},{"start":{"line":14,"column":8},"end":{"line":19,"column":14}},{"start":{"line":20,"column":8},"end":{"line":25,"column":14}},{"start":{"line":26,"column":8},"end":{"line":27,"column":25}}],"line":8}},"s":{"0":1,"1":1,"2":0,"3":0,"4":0,"5":1},"f":{"0":1},"b":{"0":[1],"1":[0],"2":[0,0,0,1]},"_coverageSchema":"332fd63041d2c1bcb487cc26dd0d5f7d97098a6c","hash":"7ce57b1653fc5ab91a020ac24ac2189bb1db9470"}
,"E:\\FrontCamp\\frontcamp\\react-part1\\src\\client\\utilities\\validation\\emptyFieldsValidation.js": {"path":"E:\\FrontCamp\\frontcamp\\react-part1\\src\\client\\utilities\\validation\\emptyFieldsValidation.js","statementMap":{"0":{"start":{"line":1,"column":36},"end":{"line":3,"column":1}},"1":{"start":{"line":2,"column":4},"end":{"line":2,"column":66}},"2":{"start":{"line":2,"column":45},"end":{"line":2,"column":65}}},"fnMap":{"0":{"name":"(anonymous_0)","decl":{"start":{"line":1,"column":36},"end":{"line":1,"column":37}},"loc":{"start":{"line":1,"column":48},"end":{"line":3,"column":1}},"line":1},"1":{"name":"(anonymous_1)","decl":{"start":{"line":2,"column":36},"end":{"line":2,"column":37}},"loc":{"start":{"line":2,"column":45},"end":{"line":2,"column":65}},"line":2}},"branchMap":{},"s":{"0":1,"1":4,"2":6},"f":{"0":4,"1":6},"b":{},"_coverageSchema":"332fd63041d2c1bcb487cc26dd0d5f7d97098a6c","hash":"40d3b00d252756f291db794f92858a8236802dc6"}
,"E:\\FrontCamp\\frontcamp\\react-part1\\src\\client\\utilities\\validation\\loginValidation.js": {"path":"E:\\FrontCamp\\frontcamp\\react-part1\\src\\client\\utilities\\validation\\loginValidation.js","statementMap":{"0":{"start":{"line":1,"column":34},"end":{"line":3,"column":1}},"1":{"start":{"line":2,"column":4},"end":{"line":2,"column":73}},"2":{"start":{"line":2,"column":40},"end":{"line":2,"column":72}}},"fnMap":{"0":{"name":"(anonymous_0)","decl":{"start":{"line":1,"column":34},"end":{"line":1,"column":35}},"loc":{"start":{"line":1,"column":64},"end":{"line":3,"column":1}},"line":1},"1":{"name":"(anonymous_1)","decl":{"start":{"line":2,"column":27},"end":{"line":2,"column":28}},"loc":{"start":{"line":2,"column":40},"end":{"line":2,"column":72}},"line":2}},"branchMap":{},"s":{"0":1,"1":4,"2":9},"f":{"0":4,"1":9},"b":{},"_coverageSchema":"332fd63041d2c1bcb487cc26dd0d5f7d97098a6c","hash":"64b496af2b2f45edc80c1cf6c64510ab69d4c883"}
}
