TN:
SF:E:\FrontCamp\frontcamp\react-part1\src\client\reducers\posts.js
FN:7,(anonymous_0)
FNF:1
FNH:1
FNDA:1,(anonymous_0)
DA:1,1
DA:8,1
DA:10,0
DA:15,0
DA:21,0
DA:27,1
LF:6
LH:3
BRDA:7,0,0,1
BRDA:7,1,0,0
BRDA:8,2,0,0
BRDA:8,2,1,0
BRDA:8,2,2,0
BRDA:8,2,3,1
BRF:6
BRH:2
end_of_record
TN:
SF:E:\FrontCamp\frontcamp\react-part1\src\client\utilities\validation\emptyFieldsValidation.js
FN:1,(anonymous_0)
FN:2,(anonymous_1)
FNF:2
FNH:2
FNDA:4,(anonymous_0)
FNDA:6,(anonymous_1)
DA:1,1
DA:2,6
LF:2
LH:2
BRF:0
BRH:0
end_of_record
TN:
SF:E:\FrontCamp\frontcamp\react-part1\src\client\utilities\validation\loginValidation.js
FN:1,(anonymous_0)
FN:2,(anonymous_1)
FNF:2
FNH:2
FNDA:4,(anonymous_0)
FNDA:9,(anonymous_1)
DA:1,1
DA:2,9
LF:2
LH:2
BRF:0
BRH:0
end_of_record
